This is pdfTeX, Version 3.141592653-2.6-1.40.27 (TeX Live 2026/dev/Arch Linux) (preloaded format=pdftex 2025.11.12)  15 NOV 2025 00:05
entering extended mode
 restricted \write18 enabled.
 %&-line parsing enabled.
**report.tex
(./report.tex
! Undefined control sequence.
l.1 \documentclass
                  [conference]{IEEEtran}
? 
! Undefined control sequence.
l.2 \usepackage
               [utf8]{inputenc}
? 
! Undefined control sequence.
l.3 \usepackage
               {graphicx}
? 
! Undefined control sequence.
l.4 \usepackage
               {amsmath}
? 
! Undefined control sequence.
l.5 \usepackage
               {amsfonts}
? 
! Undefined control sequence.
l.6 \usepackage
               {amssymb}
? 
! Undefined control sequence.
l.7 \usepackage
               {cite}
? 
! Undefined control sequence.
l.8 \usepackage
               {url}
? 
! Undefined control sequence.
l.9 \usepackage
               {booktabs}
? 
! Undefined control sequence.
l.10 \usepackage
                {multirow}
? 
! Undefined control sequence.
l.11 \usepackage
                {array}
? 
! Undefined control sequence.
l.13 \title
           {Multimodal Data Augmentation for Alzheimer's Disease Detection u...

? 
! Undefined control sequence.
l.15 \author
            {
? 
! Undefined control sequence.
l.16 \IEEEauthorblockN
                      {Hriddhit Datta\IEEEauthorrefmark{1}, Rahul Das\IEEEau...

? 
! Undefined control sequence.
l.16 ...horblockN{Hriddhit Datta\IEEEauthorrefmark
                                                  {1}, Rahul Das\IEEEauthorr...

? 
! Undefined control sequence.
l.16 ...horrefmark{1}, Rahul Das\IEEEauthorrefmark
                                                  {1}, Jyothika Seru\IEEEaut...

? 
! Undefined control sequence.
l.16 ...efmark{1}, Jyothika Seru\IEEEauthorrefmark
                                                  {1}, Reddi Pallavi\IEEEaut...

? 
! Undefined control sequence.
l.16 ...efmark{1}, Reddi Pallavi\IEEEauthorrefmark
                                                  {1}, Soham Kelaskar\IEEEau...

? 
! Undefined control sequence.
l.16 ...fmark{1}, Soham Kelaskar\IEEEauthorrefmark
                                                  {1}}
? 
! Undefined control sequence.
l.17 \IEEEauthorblockA
                      {\IEEEauthorrefmark{1}Department of Computer Science\\
? 
! Undefined control sequence.
l.17 \IEEEauthorblockA{\IEEEauthorrefmark
                                         {1}Department of Computer Science\\
? 
! Argument of \\ has an extra }.
<inserted text> 
                \par 
<to be read again> 
                   }
l.20 ...jyothika, pallavi, soham\}@university.edu}
                                                  
? 
Runaway argument?
 Institution Name\\ City, State, Country\\ Email: \{hriddhit, rahul, \ETC.
! Paragraph ended before \\ was complete.
<to be read again> 
                   \par 
<to be read again> 
                   }
l.20 ...jyothika, pallavi, soham\}@university.edu}
                                                  
? 
! Undefined control sequence.
l.23 \begin
           {document}
? 
! Undefined control sequence.
l.25 \maketitle
               
? 
! Undefined control sequence.
l.27 \begin
           {abstract}
? 
Missing character: There is no â in font cmr10!
Missing character: There is no € in font cmr10!
Missing character: There is no ” in font cmr10!
Missing character: There is no â in font cmr10!
Missing character: There is no € in font cmr10!
Missing character: There is no ” in font cmr10!
[1{/var/lib/texmf/fonts/map/pdftex/updmap/pdftex.map}] )</usr/share/texmf-dist/
fonts/type1/public/amsfonts/cm/cmr10.pfb>
Output written on report.pdf (1 page, 24330 bytes).
PDF statistics:
 12 PDF objects out of 1000 (max. 8388607)
 7 compressed objects within 1 object stream
 0 named destinations out of 1000 (max. 500000)
 1 words of extra memory for PDF output out of 10000 (max. 10000000)

